ARM GAS  C:\Users\gn10g\AppData\Local\Temp\cczHnsmu.s 			page 1


   1              		.cpu cortex-m4
   2              		.arch armv7e-m
   3              		.fpu fpv4-sp-d16
   4              		.eabi_attribute 27, 1
   5              		.eabi_attribute 28, 1
   6              		.eabi_attribute 20, 1
   7              		.eabi_attribute 21, 1
   8              		.eabi_attribute 23, 3
   9              		.eabi_attribute 24, 1
  10              		.eabi_attribute 25, 1
  11              		.eabi_attribute 26, 1
  12              		.eabi_attribute 30, 1
  13              		.eabi_attribute 34, 1
  14              		.eabi_attribute 18, 4
  15              		.file	"gpio.c"
  16              		.text
  17              	.Ltext0:
  18              		.cfi_sections	.debug_frame
  19              		.section	.text.MX_GPIO_Init,"ax",%progbits
  20              		.align	1
  21              		.global	MX_GPIO_Init
  22              		.syntax unified
  23              		.thumb
  24              		.thumb_func
  26              	MX_GPIO_Init:
  27              	.LFB132:
  28              		.file 1 "Core/Src/gpio.c"
   1:Core/Src/gpio.c **** /* USER CODE BEGIN Header */
   2:Core/Src/gpio.c **** /**
   3:Core/Src/gpio.c ****   ******************************************************************************
   4:Core/Src/gpio.c ****   * @file    gpio.c
   5:Core/Src/gpio.c ****   * @brief   This file provides code for the configuration
   6:Core/Src/gpio.c ****   *          of all used GPIO pins.
   7:Core/Src/gpio.c ****   ******************************************************************************
   8:Core/Src/gpio.c ****   * @attention
   9:Core/Src/gpio.c ****   *
  10:Core/Src/gpio.c ****   * Copyright (c) 2025 STMicroelectronics.
  11:Core/Src/gpio.c ****   * All rights reserved.
  12:Core/Src/gpio.c ****   *
  13:Core/Src/gpio.c ****   * This software is licensed under terms that can be found in the LICENSE file
  14:Core/Src/gpio.c ****   * in the root directory of this software component.
  15:Core/Src/gpio.c ****   * If no LICENSE file comes with this software, it is provided AS-IS.
  16:Core/Src/gpio.c ****   *
  17:Core/Src/gpio.c ****   ******************************************************************************
  18:Core/Src/gpio.c ****   */
  19:Core/Src/gpio.c **** /* USER CODE END Header */
  20:Core/Src/gpio.c **** 
  21:Core/Src/gpio.c **** /* Includes ------------------------------------------------------------------*/
  22:Core/Src/gpio.c **** #include "gpio.h"
  23:Core/Src/gpio.c **** 
  24:Core/Src/gpio.c **** /* USER CODE BEGIN 0 */
  25:Core/Src/gpio.c **** 
  26:Core/Src/gpio.c **** /* USER CODE END 0 */
  27:Core/Src/gpio.c **** 
  28:Core/Src/gpio.c **** /*----------------------------------------------------------------------------*/
  29:Core/Src/gpio.c **** /* Configure GPIO                                                             */
  30:Core/Src/gpio.c **** /*----------------------------------------------------------------------------*/
ARM GAS  C:\Users\gn10g\AppData\Local\Temp\cczHnsmu.s 			page 2


  31:Core/Src/gpio.c **** /* USER CODE BEGIN 1 */
  32:Core/Src/gpio.c **** 
  33:Core/Src/gpio.c **** /* USER CODE END 1 */
  34:Core/Src/gpio.c **** 
  35:Core/Src/gpio.c **** /** Configure pins as
  36:Core/Src/gpio.c ****         * Analog
  37:Core/Src/gpio.c ****         * Input
  38:Core/Src/gpio.c ****         * Output
  39:Core/Src/gpio.c ****         * EVENT_OUT
  40:Core/Src/gpio.c ****         * EXTI
  41:Core/Src/gpio.c **** */
  42:Core/Src/gpio.c **** void MX_GPIO_Init(void)
  43:Core/Src/gpio.c **** {
  29              		.loc 1 43 1 view -0
  30              		.cfi_startproc
  31              		@ args = 0, pretend = 0, frame = 32
  32              		@ frame_needed = 0, uses_anonymous_args = 0
  33 0000 2DE9F041 		push	{r4, r5, r6, r7, r8, lr}
  34              	.LCFI0:
  35              		.cfi_def_cfa_offset 24
  36              		.cfi_offset 4, -24
  37              		.cfi_offset 5, -20
  38              		.cfi_offset 6, -16
  39              		.cfi_offset 7, -12
  40              		.cfi_offset 8, -8
  41              		.cfi_offset 14, -4
  42 0004 88B0     		sub	sp, sp, #32
  43              	.LCFI1:
  44              		.cfi_def_cfa_offset 56
  44:Core/Src/gpio.c **** 
  45:Core/Src/gpio.c ****   GPIO_InitTypeDef GPIO_InitStruct = {0};
  45              		.loc 1 45 3 view .LVU1
  46              		.loc 1 45 20 is_stmt 0 view .LVU2
  47 0006 0024     		movs	r4, #0
  48 0008 0394     		str	r4, [sp, #12]
  49 000a 0494     		str	r4, [sp, #16]
  50 000c 0594     		str	r4, [sp, #20]
  51 000e 0694     		str	r4, [sp, #24]
  52 0010 0794     		str	r4, [sp, #28]
  46:Core/Src/gpio.c **** 
  47:Core/Src/gpio.c ****   /* GPIO Ports Clock Enable */
  48:Core/Src/gpio.c ****   __HAL_RCC_GPIOF_CLK_ENABLE();
  53              		.loc 1 48 3 is_stmt 1 view .LVU3
  54              	.LBB2:
  55              		.loc 1 48 3 view .LVU4
  56              		.loc 1 48 3 view .LVU5
  57 0012 354B     		ldr	r3, .L3
  58 0014 DA6C     		ldr	r2, [r3, #76]
  59 0016 42F02002 		orr	r2, r2, #32
  60 001a DA64     		str	r2, [r3, #76]
  61              		.loc 1 48 3 view .LVU6
  62 001c DA6C     		ldr	r2, [r3, #76]
  63 001e 02F02002 		and	r2, r2, #32
  64 0022 0092     		str	r2, [sp]
  65              		.loc 1 48 3 view .LVU7
  66 0024 009A     		ldr	r2, [sp]
  67              	.LBE2:
ARM GAS  C:\Users\gn10g\AppData\Local\Temp\cczHnsmu.s 			page 3


  68              		.loc 1 48 3 view .LVU8
  49:Core/Src/gpio.c ****   __HAL_RCC_GPIOA_CLK_ENABLE();
  69              		.loc 1 49 3 view .LVU9
  70              	.LBB3:
  71              		.loc 1 49 3 view .LVU10
  72              		.loc 1 49 3 view .LVU11
  73 0026 DA6C     		ldr	r2, [r3, #76]
  74 0028 42F00102 		orr	r2, r2, #1
  75 002c DA64     		str	r2, [r3, #76]
  76              		.loc 1 49 3 view .LVU12
  77 002e DA6C     		ldr	r2, [r3, #76]
  78 0030 02F00102 		and	r2, r2, #1
  79 0034 0192     		str	r2, [sp, #4]
  80              		.loc 1 49 3 view .LVU13
  81 0036 019A     		ldr	r2, [sp, #4]
  82              	.LBE3:
  83              		.loc 1 49 3 view .LVU14
  50:Core/Src/gpio.c ****   __HAL_RCC_GPIOB_CLK_ENABLE();
  84              		.loc 1 50 3 view .LVU15
  85              	.LBB4:
  86              		.loc 1 50 3 view .LVU16
  87              		.loc 1 50 3 view .LVU17
  88 0038 DA6C     		ldr	r2, [r3, #76]
  89 003a 42F00202 		orr	r2, r2, #2
  90 003e DA64     		str	r2, [r3, #76]
  91              		.loc 1 50 3 view .LVU18
  92 0040 DB6C     		ldr	r3, [r3, #76]
  93 0042 03F00203 		and	r3, r3, #2
  94 0046 0293     		str	r3, [sp, #8]
  95              		.loc 1 50 3 view .LVU19
  96 0048 029B     		ldr	r3, [sp, #8]
  97              	.LBE4:
  98              		.loc 1 50 3 view .LVU20
  51:Core/Src/gpio.c **** 
  52:Core/Src/gpio.c ****   /*Configure GPIO pin Output Level */
  53:Core/Src/gpio.c ****   HAL_GPIO_WritePin(DISABLE_GPIO_Port, DISABLE_Pin, GPIO_PIN_RESET);
  99              		.loc 1 53 3 view .LVU21
 100 004a DFF8A480 		ldr	r8, .L3+8
 101 004e 2246     		mov	r2, r4
 102 0050 0221     		movs	r1, #2
 103 0052 4046     		mov	r0, r8
 104 0054 FFF7FEFF 		bl	HAL_GPIO_WritePin
 105              	.LVL0:
  54:Core/Src/gpio.c **** 
  55:Core/Src/gpio.c ****   /*Configure GPIO pin Output Level */
  56:Core/Src/gpio.c ****   HAL_GPIO_WritePin(GPIOA, SR_Pin|PHASE_Pin|LED1_Pin|LED2_Pin
 106              		.loc 1 56 3 view .LVU22
 107 0058 2246     		mov	r2, r4
 108 005a F821     		movs	r1, #248
 109 005c 4FF09040 		mov	r0, #1207959552
 110 0060 FFF7FEFF 		bl	HAL_GPIO_WritePin
 111              	.LVL1:
  57:Core/Src/gpio.c ****                           |LED3_Pin, GPIO_PIN_RESET);
  58:Core/Src/gpio.c **** 
  59:Core/Src/gpio.c ****   /*Configure GPIO pin Output Level */
  60:Core/Src/gpio.c ****   HAL_GPIO_WritePin(LED4_GPIO_Port, LED4_Pin, GPIO_PIN_RESET);
 112              		.loc 1 60 3 view .LVU23
ARM GAS  C:\Users\gn10g\AppData\Local\Temp\cczHnsmu.s 			page 4


 113 0064 214E     		ldr	r6, .L3+4
 114 0066 2246     		mov	r2, r4
 115 0068 0121     		movs	r1, #1
 116 006a 3046     		mov	r0, r6
 117 006c FFF7FEFF 		bl	HAL_GPIO_WritePin
 118              	.LVL2:
  61:Core/Src/gpio.c **** 
  62:Core/Src/gpio.c ****   /*Configure GPIO pin : DISABLE_Pin */
  63:Core/Src/gpio.c ****   GPIO_InitStruct.Pin = DISABLE_Pin;
 119              		.loc 1 63 3 view .LVU24
 120              		.loc 1 63 23 is_stmt 0 view .LVU25
 121 0070 0227     		movs	r7, #2
 122 0072 0397     		str	r7, [sp, #12]
  64:Core/Src/gpio.c ****   GPIO_InitStruct.Mode = GPIO_MODE_OUTPUT_PP;
 123              		.loc 1 64 3 is_stmt 1 view .LVU26
 124              		.loc 1 64 24 is_stmt 0 view .LVU27
 125 0074 0125     		movs	r5, #1
 126 0076 0495     		str	r5, [sp, #16]
  65:Core/Src/gpio.c ****   GPIO_InitStruct.Pull = GPIO_NOPULL;
 127              		.loc 1 65 3 is_stmt 1 view .LVU28
 128              		.loc 1 65 24 is_stmt 0 view .LVU29
 129 0078 0594     		str	r4, [sp, #20]
  66:Core/Src/gpio.c ****   GPIO_InitStruct.Speed = GPIO_SPEED_FREQ_LOW;
 130              		.loc 1 66 3 is_stmt 1 view .LVU30
 131              		.loc 1 66 25 is_stmt 0 view .LVU31
 132 007a 0694     		str	r4, [sp, #24]
  67:Core/Src/gpio.c ****   HAL_GPIO_Init(DISABLE_GPIO_Port, &GPIO_InitStruct);
 133              		.loc 1 67 3 is_stmt 1 view .LVU32
 134 007c 03A9     		add	r1, sp, #12
 135 007e 4046     		mov	r0, r8
 136 0080 FFF7FEFF 		bl	HAL_GPIO_Init
 137              	.LVL3:
  68:Core/Src/gpio.c **** 
  69:Core/Src/gpio.c ****   /*Configure GPIO pins : SR_Pin PHASE_Pin LED1_Pin LED2_Pin
  70:Core/Src/gpio.c ****                            LED3_Pin */
  71:Core/Src/gpio.c ****   GPIO_InitStruct.Pin = SR_Pin|PHASE_Pin|LED1_Pin|LED2_Pin
 138              		.loc 1 71 3 view .LVU33
 139              		.loc 1 71 23 is_stmt 0 view .LVU34
 140 0084 F823     		movs	r3, #248
 141 0086 0393     		str	r3, [sp, #12]
  72:Core/Src/gpio.c ****                           |LED3_Pin;
  73:Core/Src/gpio.c ****   GPIO_InitStruct.Mode = GPIO_MODE_OUTPUT_PP;
 142              		.loc 1 73 3 is_stmt 1 view .LVU35
 143              		.loc 1 73 24 is_stmt 0 view .LVU36
 144 0088 0495     		str	r5, [sp, #16]
  74:Core/Src/gpio.c ****   GPIO_InitStruct.Pull = GPIO_NOPULL;
 145              		.loc 1 74 3 is_stmt 1 view .LVU37
 146              		.loc 1 74 24 is_stmt 0 view .LVU38
 147 008a 0594     		str	r4, [sp, #20]
  75:Core/Src/gpio.c ****   GPIO_InitStruct.Speed = GPIO_SPEED_FREQ_LOW;
 148              		.loc 1 75 3 is_stmt 1 view .LVU39
 149              		.loc 1 75 25 is_stmt 0 view .LVU40
 150 008c 0694     		str	r4, [sp, #24]
  76:Core/Src/gpio.c ****   HAL_GPIO_Init(GPIOA, &GPIO_InitStruct);
 151              		.loc 1 76 3 is_stmt 1 view .LVU41
 152 008e 03A9     		add	r1, sp, #12
 153 0090 4FF09040 		mov	r0, #1207959552
ARM GAS  C:\Users\gn10g\AppData\Local\Temp\cczHnsmu.s 			page 5


 154 0094 FFF7FEFF 		bl	HAL_GPIO_Init
 155              	.LVL4:
  77:Core/Src/gpio.c **** 
  78:Core/Src/gpio.c ****   /*Configure GPIO pin : LED4_Pin */
  79:Core/Src/gpio.c ****   GPIO_InitStruct.Pin = LED4_Pin;
 156              		.loc 1 79 3 view .LVU42
 157              		.loc 1 79 23 is_stmt 0 view .LVU43
 158 0098 0395     		str	r5, [sp, #12]
  80:Core/Src/gpio.c ****   GPIO_InitStruct.Mode = GPIO_MODE_OUTPUT_PP;
 159              		.loc 1 80 3 is_stmt 1 view .LVU44
 160              		.loc 1 80 24 is_stmt 0 view .LVU45
 161 009a 0495     		str	r5, [sp, #16]
  81:Core/Src/gpio.c ****   GPIO_InitStruct.Pull = GPIO_NOPULL;
 162              		.loc 1 81 3 is_stmt 1 view .LVU46
 163              		.loc 1 81 24 is_stmt 0 view .LVU47
 164 009c 0594     		str	r4, [sp, #20]
  82:Core/Src/gpio.c ****   GPIO_InitStruct.Speed = GPIO_SPEED_FREQ_LOW;
 165              		.loc 1 82 3 is_stmt 1 view .LVU48
 166              		.loc 1 82 25 is_stmt 0 view .LVU49
 167 009e 0694     		str	r4, [sp, #24]
  83:Core/Src/gpio.c ****   HAL_GPIO_Init(LED4_GPIO_Port, &GPIO_InitStruct);
 168              		.loc 1 83 3 is_stmt 1 view .LVU50
 169 00a0 03A9     		add	r1, sp, #12
 170 00a2 3046     		mov	r0, r6
 171 00a4 FFF7FEFF 		bl	HAL_GPIO_Init
 172              	.LVL5:
  84:Core/Src/gpio.c **** 
  85:Core/Src/gpio.c ****   /*Configure GPIO pin : LIM1_Pin */
  86:Core/Src/gpio.c ****   GPIO_InitStruct.Pin = LIM1_Pin;
 173              		.loc 1 86 3 view .LVU51
 174              		.loc 1 86 23 is_stmt 0 view .LVU52
 175 00a8 4FF48063 		mov	r3, #1024
 176 00ac 0393     		str	r3, [sp, #12]
  87:Core/Src/gpio.c ****   GPIO_InitStruct.Mode = GPIO_MODE_INPUT;
 177              		.loc 1 87 3 is_stmt 1 view .LVU53
 178              		.loc 1 87 24 is_stmt 0 view .LVU54
 179 00ae 0494     		str	r4, [sp, #16]
  88:Core/Src/gpio.c ****   GPIO_InitStruct.Pull = GPIO_NOPULL;
 180              		.loc 1 88 3 is_stmt 1 view .LVU55
 181              		.loc 1 88 24 is_stmt 0 view .LVU56
 182 00b0 0594     		str	r4, [sp, #20]
  89:Core/Src/gpio.c ****   HAL_GPIO_Init(LIM1_GPIO_Port, &GPIO_InitStruct);
 183              		.loc 1 89 3 is_stmt 1 view .LVU57
 184 00b2 03A9     		add	r1, sp, #12
 185 00b4 4FF09040 		mov	r0, #1207959552
 186 00b8 FFF7FEFF 		bl	HAL_GPIO_Init
 187              	.LVL6:
  90:Core/Src/gpio.c **** 
  91:Core/Src/gpio.c ****   /*Configure GPIO pin : DIP1_Pin */
  92:Core/Src/gpio.c ****   GPIO_InitStruct.Pin = DIP1_Pin;
 188              		.loc 1 92 3 view .LVU58
 189              		.loc 1 92 23 is_stmt 0 view .LVU59
 190 00bc 4FF40043 		mov	r3, #32768
 191 00c0 0393     		str	r3, [sp, #12]
  93:Core/Src/gpio.c ****   GPIO_InitStruct.Mode = GPIO_MODE_INPUT;
 192              		.loc 1 93 3 is_stmt 1 view .LVU60
 193              		.loc 1 93 24 is_stmt 0 view .LVU61
ARM GAS  C:\Users\gn10g\AppData\Local\Temp\cczHnsmu.s 			page 6


 194 00c2 0494     		str	r4, [sp, #16]
  94:Core/Src/gpio.c ****   GPIO_InitStruct.Pull = GPIO_PULLDOWN;
 195              		.loc 1 94 3 is_stmt 1 view .LVU62
 196              		.loc 1 94 24 is_stmt 0 view .LVU63
 197 00c4 0597     		str	r7, [sp, #20]
  95:Core/Src/gpio.c ****   HAL_GPIO_Init(DIP1_GPIO_Port, &GPIO_InitStruct);
 198              		.loc 1 95 3 is_stmt 1 view .LVU64
 199 00c6 03A9     		add	r1, sp, #12
 200 00c8 4FF09040 		mov	r0, #1207959552
 201 00cc FFF7FEFF 		bl	HAL_GPIO_Init
 202              	.LVL7:
  96:Core/Src/gpio.c **** 
  97:Core/Src/gpio.c ****   /*Configure GPIO pins : DIP2_Pin DIP3_Pin DIP4_Pin */
  98:Core/Src/gpio.c ****   GPIO_InitStruct.Pin = DIP2_Pin|DIP3_Pin|DIP4_Pin;
 203              		.loc 1 98 3 view .LVU65
 204              		.loc 1 98 23 is_stmt 0 view .LVU66
 205 00d0 3823     		movs	r3, #56
 206 00d2 0393     		str	r3, [sp, #12]
  99:Core/Src/gpio.c ****   GPIO_InitStruct.Mode = GPIO_MODE_INPUT;
 207              		.loc 1 99 3 is_stmt 1 view .LVU67
 208              		.loc 1 99 24 is_stmt 0 view .LVU68
 209 00d4 0494     		str	r4, [sp, #16]
 100:Core/Src/gpio.c ****   GPIO_InitStruct.Pull = GPIO_PULLDOWN;
 210              		.loc 1 100 3 is_stmt 1 view .LVU69
 211              		.loc 1 100 24 is_stmt 0 view .LVU70
 212 00d6 0597     		str	r7, [sp, #20]
 101:Core/Src/gpio.c ****   HAL_GPIO_Init(GPIOB, &GPIO_InitStruct);
 213              		.loc 1 101 3 is_stmt 1 view .LVU71
 214 00d8 03A9     		add	r1, sp, #12
 215 00da 3046     		mov	r0, r6
 216 00dc FFF7FEFF 		bl	HAL_GPIO_Init
 217              	.LVL8:
 102:Core/Src/gpio.c **** 
 103:Core/Src/gpio.c **** }
 218              		.loc 1 103 1 is_stmt 0 view .LVU72
 219 00e0 08B0     		add	sp, sp, #32
 220              	.LCFI2:
 221              		.cfi_def_cfa_offset 24
 222              		@ sp needed
 223 00e2 BDE8F081 		pop	{r4, r5, r6, r7, r8, pc}
 224              	.L4:
 225 00e6 00BF     		.align	2
 226              	.L3:
 227 00e8 00100240 		.word	1073876992
 228 00ec 00040048 		.word	1207960576
 229 00f0 00140048 		.word	1207964672
 230              		.cfi_endproc
 231              	.LFE132:
 233              		.text
 234              	.Letext0:
 235              		.file 2 "c:\\program files (x86)\\gnu arm embedded toolchain\\10 2021.10\\arm-none-eabi\\include\\
 236              		.file 3 "c:\\program files (x86)\\gnu arm embedded toolchain\\10 2021.10\\arm-none-eabi\\include\\
 237              		.file 4 "Drivers/CMSIS/Device/ST/STM32G4xx/Include/stm32g431xx.h"
 238              		.file 5 "Drivers/STM32G4xx_HAL_Driver/Inc/stm32g4xx_hal_gpio.h"
ARM GAS  C:\Users\gn10g\AppData\Local\Temp\cczHnsmu.s 			page 7


DEFINED SYMBOLS
                            *ABS*:00000000 gpio.c
C:\Users\gn10g\AppData\Local\Temp\cczHnsmu.s:20     .text.MX_GPIO_Init:00000000 $t
C:\Users\gn10g\AppData\Local\Temp\cczHnsmu.s:26     .text.MX_GPIO_Init:00000000 MX_GPIO_Init
C:\Users\gn10g\AppData\Local\Temp\cczHnsmu.s:227    .text.MX_GPIO_Init:000000e8 $d

UNDEFINED SYMBOLS
HAL_GPIO_WritePin
HAL_GPIO_Init
