ARM GAS  C:\Users\gn10g\AppData\Local\Temp\cc7AApCP.s 			page 1


   1              		.cpu cortex-m4
   2              		.arch armv7e-m
   3              		.fpu fpv4-sp-d16
   4              		.eabi_attribute 27, 1
   5              		.eabi_attribute 28, 1
   6              		.eabi_attribute 20, 1
   7              		.eabi_attribute 21, 1
   8              		.eabi_attribute 23, 3
   9              		.eabi_attribute 24, 1
  10              		.eabi_attribute 25, 1
  11              		.eabi_attribute 26, 1
  12              		.eabi_attribute 30, 1
  13              		.eabi_attribute 34, 1
  14              		.eabi_attribute 18, 4
  15              		.file	"tim.c"
  16              		.text
  17              	.Ltext0:
  18              		.cfi_sections	.debug_frame
  19              		.section	.text.MX_TIM1_Init,"ax",%progbits
  20              		.align	1
  21              		.global	MX_TIM1_Init
  22              		.syntax unified
  23              		.thumb
  24              		.thumb_func
  26              	MX_TIM1_Init:
  27              	.LFB132:
  28              		.file 1 "Core/Src/tim.c"
   1:Core/Src/tim.c **** /* USER CODE BEGIN Header */
   2:Core/Src/tim.c **** /**
   3:Core/Src/tim.c ****   ******************************************************************************
   4:Core/Src/tim.c ****   * @file    tim.c
   5:Core/Src/tim.c ****   * @brief   This file provides code for the configuration
   6:Core/Src/tim.c ****   *          of the TIM instances.
   7:Core/Src/tim.c ****   ******************************************************************************
   8:Core/Src/tim.c ****   * @attention
   9:Core/Src/tim.c ****   *
  10:Core/Src/tim.c ****   * Copyright (c) 2025 STMicroelectronics.
  11:Core/Src/tim.c ****   * All rights reserved.
  12:Core/Src/tim.c ****   *
  13:Core/Src/tim.c ****   * This software is licensed under terms that can be found in the LICENSE file
  14:Core/Src/tim.c ****   * in the root directory of this software component.
  15:Core/Src/tim.c ****   * If no LICENSE file comes with this software, it is provided AS-IS.
  16:Core/Src/tim.c ****   *
  17:Core/Src/tim.c ****   ******************************************************************************
  18:Core/Src/tim.c ****   */
  19:Core/Src/tim.c **** /* USER CODE END Header */
  20:Core/Src/tim.c **** /* Includes ------------------------------------------------------------------*/
  21:Core/Src/tim.c **** #include "tim.h"
  22:Core/Src/tim.c **** 
  23:Core/Src/tim.c **** /* USER CODE BEGIN 0 */
  24:Core/Src/tim.c **** 
  25:Core/Src/tim.c **** /* USER CODE END 0 */
  26:Core/Src/tim.c **** 
  27:Core/Src/tim.c **** TIM_HandleTypeDef htim1;
  28:Core/Src/tim.c **** TIM_HandleTypeDef htim2;
  29:Core/Src/tim.c **** 
  30:Core/Src/tim.c **** /* TIM1 init function */
ARM GAS  C:\Users\gn10g\AppData\Local\Temp\cc7AApCP.s 			page 2


  31:Core/Src/tim.c **** void MX_TIM1_Init(void)
  32:Core/Src/tim.c **** {
  29              		.loc 1 32 1 view -0
  30              		.cfi_startproc
  31              		@ args = 0, pretend = 0, frame = 48
  32              		@ frame_needed = 0, uses_anonymous_args = 0
  33 0000 00B5     		push	{lr}
  34              	.LCFI0:
  35              		.cfi_def_cfa_offset 4
  36              		.cfi_offset 14, -4
  37 0002 8DB0     		sub	sp, sp, #52
  38              	.LCFI1:
  39              		.cfi_def_cfa_offset 56
  33:Core/Src/tim.c **** 
  34:Core/Src/tim.c ****   /* USER CODE BEGIN TIM1_Init 0 */
  35:Core/Src/tim.c **** 
  36:Core/Src/tim.c ****   /* USER CODE END TIM1_Init 0 */
  37:Core/Src/tim.c **** 
  38:Core/Src/tim.c ****   TIM_Encoder_InitTypeDef sConfig = {0};
  40              		.loc 1 38 3 view .LVU1
  41              		.loc 1 38 27 is_stmt 0 view .LVU2
  42 0004 2422     		movs	r2, #36
  43 0006 0021     		movs	r1, #0
  44 0008 03A8     		add	r0, sp, #12
  45 000a FFF7FEFF 		bl	memset
  46              	.LVL0:
  39:Core/Src/tim.c ****   TIM_MasterConfigTypeDef sMasterConfig = {0};
  47              		.loc 1 39 3 is_stmt 1 view .LVU3
  48              		.loc 1 39 27 is_stmt 0 view .LVU4
  49 000e 0023     		movs	r3, #0
  50 0010 0093     		str	r3, [sp]
  51 0012 0193     		str	r3, [sp, #4]
  52 0014 0293     		str	r3, [sp, #8]
  40:Core/Src/tim.c **** 
  41:Core/Src/tim.c ****   /* USER CODE BEGIN TIM1_Init 1 */
  42:Core/Src/tim.c **** 
  43:Core/Src/tim.c ****   /* USER CODE END TIM1_Init 1 */
  44:Core/Src/tim.c ****   htim1.Instance = TIM1;
  53              		.loc 1 44 3 is_stmt 1 view .LVU5
  54              		.loc 1 44 18 is_stmt 0 view .LVU6
  55 0016 1248     		ldr	r0, .L7
  56 0018 124A     		ldr	r2, .L7+4
  57 001a 0260     		str	r2, [r0]
  45:Core/Src/tim.c ****   htim1.Init.Prescaler = 0;
  58              		.loc 1 45 3 is_stmt 1 view .LVU7
  59              		.loc 1 45 24 is_stmt 0 view .LVU8
  60 001c 4360     		str	r3, [r0, #4]
  46:Core/Src/tim.c ****   htim1.Init.CounterMode = TIM_COUNTERMODE_UP;
  61              		.loc 1 46 3 is_stmt 1 view .LVU9
  62              		.loc 1 46 26 is_stmt 0 view .LVU10
  63 001e 8360     		str	r3, [r0, #8]
  47:Core/Src/tim.c ****   htim1.Init.Period = 65535;
  64              		.loc 1 47 3 is_stmt 1 view .LVU11
  65              		.loc 1 47 21 is_stmt 0 view .LVU12
  66 0020 4FF6FF72 		movw	r2, #65535
  67 0024 C260     		str	r2, [r0, #12]
  48:Core/Src/tim.c ****   htim1.Init.ClockDivision = TIM_CLOCKDIVISION_DIV1;
ARM GAS  C:\Users\gn10g\AppData\Local\Temp\cc7AApCP.s 			page 3


  68              		.loc 1 48 3 is_stmt 1 view .LVU13
  69              		.loc 1 48 28 is_stmt 0 view .LVU14
  70 0026 0361     		str	r3, [r0, #16]
  49:Core/Src/tim.c ****   htim1.Init.RepetitionCounter = 0;
  71              		.loc 1 49 3 is_stmt 1 view .LVU15
  72              		.loc 1 49 32 is_stmt 0 view .LVU16
  73 0028 4361     		str	r3, [r0, #20]
  50:Core/Src/tim.c ****   htim1.Init.AutoReloadPreload = TIM_AUTORELOAD_PRELOAD_DISABLE;
  74              		.loc 1 50 3 is_stmt 1 view .LVU17
  75              		.loc 1 50 32 is_stmt 0 view .LVU18
  76 002a 8361     		str	r3, [r0, #24]
  51:Core/Src/tim.c ****   sConfig.EncoderMode = TIM_ENCODERMODE_TI1;
  77              		.loc 1 51 3 is_stmt 1 view .LVU19
  78              		.loc 1 51 23 is_stmt 0 view .LVU20
  79 002c 0123     		movs	r3, #1
  80 002e 0393     		str	r3, [sp, #12]
  52:Core/Src/tim.c ****   sConfig.IC1Polarity = TIM_ICPOLARITY_RISING;
  81              		.loc 1 52 3 is_stmt 1 view .LVU21
  53:Core/Src/tim.c ****   sConfig.IC1Selection = TIM_ICSELECTION_DIRECTTI;
  82              		.loc 1 53 3 view .LVU22
  83              		.loc 1 53 24 is_stmt 0 view .LVU23
  84 0030 0593     		str	r3, [sp, #20]
  54:Core/Src/tim.c ****   sConfig.IC1Prescaler = TIM_ICPSC_DIV1;
  85              		.loc 1 54 3 is_stmt 1 view .LVU24
  55:Core/Src/tim.c ****   sConfig.IC1Filter = 0;
  86              		.loc 1 55 3 view .LVU25
  56:Core/Src/tim.c ****   sConfig.IC2Polarity = TIM_ICPOLARITY_RISING;
  87              		.loc 1 56 3 view .LVU26
  57:Core/Src/tim.c ****   sConfig.IC2Selection = TIM_ICSELECTION_DIRECTTI;
  88              		.loc 1 57 3 view .LVU27
  89              		.loc 1 57 24 is_stmt 0 view .LVU28
  90 0032 0993     		str	r3, [sp, #36]
  58:Core/Src/tim.c ****   sConfig.IC2Prescaler = TIM_ICPSC_DIV1;
  91              		.loc 1 58 3 is_stmt 1 view .LVU29
  59:Core/Src/tim.c ****   sConfig.IC2Filter = 0;
  92              		.loc 1 59 3 view .LVU30
  60:Core/Src/tim.c ****   if (HAL_TIM_Encoder_Init(&htim1, &sConfig) != HAL_OK)
  93              		.loc 1 60 3 view .LVU31
  94              		.loc 1 60 7 is_stmt 0 view .LVU32
  95 0034 03A9     		add	r1, sp, #12
  96 0036 FFF7FEFF 		bl	HAL_TIM_Encoder_Init
  97              	.LVL1:
  98              		.loc 1 60 6 view .LVU33
  99 003a 58B9     		cbnz	r0, .L5
 100              	.L2:
  61:Core/Src/tim.c ****   {
  62:Core/Src/tim.c ****     Error_Handler();
  63:Core/Src/tim.c ****   }
  64:Core/Src/tim.c ****   sMasterConfig.MasterOutputTrigger = TIM_TRGO_RESET;
 101              		.loc 1 64 3 is_stmt 1 view .LVU34
 102              		.loc 1 64 37 is_stmt 0 view .LVU35
 103 003c 0023     		movs	r3, #0
 104 003e 0093     		str	r3, [sp]
  65:Core/Src/tim.c ****   sMasterConfig.MasterOutputTrigger2 = TIM_TRGO2_RESET;
 105              		.loc 1 65 3 is_stmt 1 view .LVU36
 106              		.loc 1 65 38 is_stmt 0 view .LVU37
 107 0040 0193     		str	r3, [sp, #4]
ARM GAS  C:\Users\gn10g\AppData\Local\Temp\cc7AApCP.s 			page 4


  66:Core/Src/tim.c ****   sMasterConfig.MasterSlaveMode = TIM_MASTERSLAVEMODE_DISABLE;
 108              		.loc 1 66 3 is_stmt 1 view .LVU38
 109              		.loc 1 66 33 is_stmt 0 view .LVU39
 110 0042 0293     		str	r3, [sp, #8]
  67:Core/Src/tim.c ****   if (HAL_TIMEx_MasterConfigSynchronization(&htim1, &sMasterConfig) != HAL_OK)
 111              		.loc 1 67 3 is_stmt 1 view .LVU40
 112              		.loc 1 67 7 is_stmt 0 view .LVU41
 113 0044 6946     		mov	r1, sp
 114 0046 0648     		ldr	r0, .L7
 115 0048 FFF7FEFF 		bl	HAL_TIMEx_MasterConfigSynchronization
 116              	.LVL2:
 117              		.loc 1 67 6 view .LVU42
 118 004c 28B9     		cbnz	r0, .L6
 119              	.L1:
  68:Core/Src/tim.c ****   {
  69:Core/Src/tim.c ****     Error_Handler();
  70:Core/Src/tim.c ****   }
  71:Core/Src/tim.c ****   /* USER CODE BEGIN TIM1_Init 2 */
  72:Core/Src/tim.c **** 
  73:Core/Src/tim.c ****   /* USER CODE END TIM1_Init 2 */
  74:Core/Src/tim.c **** 
  75:Core/Src/tim.c **** }
 120              		.loc 1 75 1 view .LVU43
 121 004e 0DB0     		add	sp, sp, #52
 122              	.LCFI2:
 123              		.cfi_remember_state
 124              		.cfi_def_cfa_offset 4
 125              		@ sp needed
 126 0050 5DF804FB 		ldr	pc, [sp], #4
 127              	.L5:
 128              	.LCFI3:
 129              		.cfi_restore_state
  62:Core/Src/tim.c ****   }
 130              		.loc 1 62 5 is_stmt 1 view .LVU44
 131 0054 FFF7FEFF 		bl	Error_Handler
 132              	.LVL3:
 133 0058 F0E7     		b	.L2
 134              	.L6:
  69:Core/Src/tim.c ****   }
 135              		.loc 1 69 5 view .LVU45
 136 005a FFF7FEFF 		bl	Error_Handler
 137              	.LVL4:
 138              		.loc 1 75 1 is_stmt 0 view .LVU46
 139 005e F6E7     		b	.L1
 140              	.L8:
 141              		.align	2
 142              	.L7:
 143 0060 00000000 		.word	.LANCHOR0
 144 0064 002C0140 		.word	1073818624
 145              		.cfi_endproc
 146              	.LFE132:
 148              		.section	.text.HAL_TIM_Encoder_MspInit,"ax",%progbits
 149              		.align	1
 150              		.global	HAL_TIM_Encoder_MspInit
 151              		.syntax unified
 152              		.thumb
 153              		.thumb_func
ARM GAS  C:\Users\gn10g\AppData\Local\Temp\cc7AApCP.s 			page 5


 155              	HAL_TIM_Encoder_MspInit:
 156              	.LVL5:
 157              	.LFB134:
  76:Core/Src/tim.c **** /* TIM2 init function */
  77:Core/Src/tim.c **** void MX_TIM2_Init(void)
  78:Core/Src/tim.c **** {
  79:Core/Src/tim.c **** 
  80:Core/Src/tim.c ****   /* USER CODE BEGIN TIM2_Init 0 */
  81:Core/Src/tim.c **** 
  82:Core/Src/tim.c ****   /* USER CODE END TIM2_Init 0 */
  83:Core/Src/tim.c **** 
  84:Core/Src/tim.c ****   TIM_MasterConfigTypeDef sMasterConfig = {0};
  85:Core/Src/tim.c ****   TIM_OC_InitTypeDef sConfigOC = {0};
  86:Core/Src/tim.c **** 
  87:Core/Src/tim.c ****   /* USER CODE BEGIN TIM2_Init 1 */
  88:Core/Src/tim.c **** 
  89:Core/Src/tim.c ****   /* USER CODE END TIM2_Init 1 */
  90:Core/Src/tim.c ****   htim2.Instance = TIM2;
  91:Core/Src/tim.c ****   htim2.Init.Prescaler = 0;
  92:Core/Src/tim.c ****   htim2.Init.CounterMode = TIM_COUNTERMODE_UP;
  93:Core/Src/tim.c ****   htim2.Init.Period = 3199;
  94:Core/Src/tim.c ****   htim2.Init.ClockDivision = TIM_CLOCKDIVISION_DIV1;
  95:Core/Src/tim.c ****   htim2.Init.AutoReloadPreload = TIM_AUTORELOAD_PRELOAD_DISABLE;
  96:Core/Src/tim.c ****   if (HAL_TIM_OC_Init(&htim2) != HAL_OK)
  97:Core/Src/tim.c ****   {
  98:Core/Src/tim.c ****     Error_Handler();
  99:Core/Src/tim.c ****   }
 100:Core/Src/tim.c ****   sMasterConfig.MasterOutputTrigger = TIM_TRGO_RESET;
 101:Core/Src/tim.c ****   sMasterConfig.MasterSlaveMode = TIM_MASTERSLAVEMODE_DISABLE;
 102:Core/Src/tim.c ****   if (HAL_TIMEx_MasterConfigSynchronization(&htim2, &sMasterConfig) != HAL_OK)
 103:Core/Src/tim.c ****   {
 104:Core/Src/tim.c ****     Error_Handler();
 105:Core/Src/tim.c ****   }
 106:Core/Src/tim.c ****   sConfigOC.OCMode = TIM_OCMODE_TIMING;
 107:Core/Src/tim.c ****   sConfigOC.Pulse = 0;
 108:Core/Src/tim.c ****   sConfigOC.OCPolarity = TIM_OCPOLARITY_HIGH;
 109:Core/Src/tim.c ****   sConfigOC.OCFastMode = TIM_OCFAST_DISABLE;
 110:Core/Src/tim.c ****   if (HAL_TIM_OC_ConfigChannel(&htim2, &sConfigOC, TIM_CHANNEL_2) != HAL_OK)
 111:Core/Src/tim.c ****   {
 112:Core/Src/tim.c ****     Error_Handler();
 113:Core/Src/tim.c ****   }
 114:Core/Src/tim.c ****   if (HAL_TIM_OC_ConfigChannel(&htim2, &sConfigOC, TIM_CHANNEL_3) != HAL_OK)
 115:Core/Src/tim.c ****   {
 116:Core/Src/tim.c ****     Error_Handler();
 117:Core/Src/tim.c ****   }
 118:Core/Src/tim.c ****   /* USER CODE BEGIN TIM2_Init 2 */
 119:Core/Src/tim.c **** 
 120:Core/Src/tim.c ****   /* USER CODE END TIM2_Init 2 */
 121:Core/Src/tim.c ****   HAL_TIM_MspPostInit(&htim2);
 122:Core/Src/tim.c **** 
 123:Core/Src/tim.c **** }
 124:Core/Src/tim.c **** 
 125:Core/Src/tim.c **** void HAL_TIM_Encoder_MspInit(TIM_HandleTypeDef* tim_encoderHandle)
 126:Core/Src/tim.c **** {
 158              		.loc 1 126 1 is_stmt 1 view -0
 159              		.cfi_startproc
 160              		@ args = 0, pretend = 0, frame = 32
ARM GAS  C:\Users\gn10g\AppData\Local\Temp\cc7AApCP.s 			page 6


 161              		@ frame_needed = 0, uses_anonymous_args = 0
 162              		.loc 1 126 1 is_stmt 0 view .LVU48
 163 0000 00B5     		push	{lr}
 164              	.LCFI4:
 165              		.cfi_def_cfa_offset 4
 166              		.cfi_offset 14, -4
 167 0002 89B0     		sub	sp, sp, #36
 168              	.LCFI5:
 169              		.cfi_def_cfa_offset 40
 127:Core/Src/tim.c **** 
 128:Core/Src/tim.c ****   GPIO_InitTypeDef GPIO_InitStruct = {0};
 170              		.loc 1 128 3 is_stmt 1 view .LVU49
 171              		.loc 1 128 20 is_stmt 0 view .LVU50
 172 0004 0023     		movs	r3, #0
 173 0006 0393     		str	r3, [sp, #12]
 174 0008 0493     		str	r3, [sp, #16]
 175 000a 0593     		str	r3, [sp, #20]
 176 000c 0693     		str	r3, [sp, #24]
 177 000e 0793     		str	r3, [sp, #28]
 129:Core/Src/tim.c ****   if(tim_encoderHandle->Instance==TIM1)
 178              		.loc 1 129 3 is_stmt 1 view .LVU51
 179              		.loc 1 129 23 is_stmt 0 view .LVU52
 180 0010 0268     		ldr	r2, [r0]
 181              		.loc 1 129 5 view .LVU53
 182 0012 134B     		ldr	r3, .L13
 183 0014 9A42     		cmp	r2, r3
 184 0016 02D0     		beq	.L12
 185              	.LVL6:
 186              	.L9:
 130:Core/Src/tim.c ****   {
 131:Core/Src/tim.c ****   /* USER CODE BEGIN TIM1_MspInit 0 */
 132:Core/Src/tim.c **** 
 133:Core/Src/tim.c ****   /* USER CODE END TIM1_MspInit 0 */
 134:Core/Src/tim.c ****     /* TIM1 clock enable */
 135:Core/Src/tim.c ****     __HAL_RCC_TIM1_CLK_ENABLE();
 136:Core/Src/tim.c **** 
 137:Core/Src/tim.c ****     __HAL_RCC_GPIOA_CLK_ENABLE();
 138:Core/Src/tim.c ****     /**TIM1 GPIO Configuration
 139:Core/Src/tim.c ****     PA8     ------> TIM1_CH1
 140:Core/Src/tim.c ****     PA9     ------> TIM1_CH2
 141:Core/Src/tim.c ****     */
 142:Core/Src/tim.c ****     GPIO_InitStruct.Pin = GPIO_PIN_8|GPIO_PIN_9;
 143:Core/Src/tim.c ****     GPIO_InitStruct.Mode = GPIO_MODE_AF_PP;
 144:Core/Src/tim.c ****     GPIO_InitStruct.Pull = GPIO_NOPULL;
 145:Core/Src/tim.c ****     GPIO_InitStruct.Speed = GPIO_SPEED_FREQ_LOW;
 146:Core/Src/tim.c ****     GPIO_InitStruct.Alternate = GPIO_AF6_TIM1;
 147:Core/Src/tim.c ****     HAL_GPIO_Init(GPIOA, &GPIO_InitStruct);
 148:Core/Src/tim.c **** 
 149:Core/Src/tim.c ****   /* USER CODE BEGIN TIM1_MspInit 1 */
 150:Core/Src/tim.c **** 
 151:Core/Src/tim.c ****   /* USER CODE END TIM1_MspInit 1 */
 152:Core/Src/tim.c ****   }
 153:Core/Src/tim.c **** }
 187              		.loc 1 153 1 view .LVU54
 188 0018 09B0     		add	sp, sp, #36
 189              	.LCFI6:
 190              		.cfi_remember_state
ARM GAS  C:\Users\gn10g\AppData\Local\Temp\cc7AApCP.s 			page 7


 191              		.cfi_def_cfa_offset 4
 192              		@ sp needed
 193 001a 5DF804FB 		ldr	pc, [sp], #4
 194              	.LVL7:
 195              	.L12:
 196              	.LCFI7:
 197              		.cfi_restore_state
 135:Core/Src/tim.c **** 
 198              		.loc 1 135 5 is_stmt 1 view .LVU55
 199              	.LBB2:
 135:Core/Src/tim.c **** 
 200              		.loc 1 135 5 view .LVU56
 135:Core/Src/tim.c **** 
 201              		.loc 1 135 5 view .LVU57
 202 001e 03F56443 		add	r3, r3, #58368
 203 0022 1A6E     		ldr	r2, [r3, #96]
 204 0024 42F40062 		orr	r2, r2, #2048
 205 0028 1A66     		str	r2, [r3, #96]
 135:Core/Src/tim.c **** 
 206              		.loc 1 135 5 view .LVU58
 207 002a 1A6E     		ldr	r2, [r3, #96]
 208 002c 02F40062 		and	r2, r2, #2048
 209 0030 0192     		str	r2, [sp, #4]
 135:Core/Src/tim.c **** 
 210              		.loc 1 135 5 view .LVU59
 211 0032 019A     		ldr	r2, [sp, #4]
 212              	.LBE2:
 135:Core/Src/tim.c **** 
 213              		.loc 1 135 5 view .LVU60
 137:Core/Src/tim.c ****     /**TIM1 GPIO Configuration
 214              		.loc 1 137 5 view .LVU61
 215              	.LBB3:
 137:Core/Src/tim.c ****     /**TIM1 GPIO Configuration
 216              		.loc 1 137 5 view .LVU62
 137:Core/Src/tim.c ****     /**TIM1 GPIO Configuration
 217              		.loc 1 137 5 view .LVU63
 218 0034 DA6C     		ldr	r2, [r3, #76]
 219 0036 42F00102 		orr	r2, r2, #1
 220 003a DA64     		str	r2, [r3, #76]
 137:Core/Src/tim.c ****     /**TIM1 GPIO Configuration
 221              		.loc 1 137 5 view .LVU64
 222 003c DB6C     		ldr	r3, [r3, #76]
 223 003e 03F00103 		and	r3, r3, #1
 224 0042 0293     		str	r3, [sp, #8]
 137:Core/Src/tim.c ****     /**TIM1 GPIO Configuration
 225              		.loc 1 137 5 view .LVU65
 226 0044 029B     		ldr	r3, [sp, #8]
 227              	.LBE3:
 137:Core/Src/tim.c ****     /**TIM1 GPIO Configuration
 228              		.loc 1 137 5 view .LVU66
 142:Core/Src/tim.c ****     GPIO_InitStruct.Mode = GPIO_MODE_AF_PP;
 229              		.loc 1 142 5 view .LVU67
 142:Core/Src/tim.c ****     GPIO_InitStruct.Mode = GPIO_MODE_AF_PP;
 230              		.loc 1 142 25 is_stmt 0 view .LVU68
 231 0046 4FF44073 		mov	r3, #768
 232 004a 0393     		str	r3, [sp, #12]
 143:Core/Src/tim.c ****     GPIO_InitStruct.Pull = GPIO_NOPULL;
ARM GAS  C:\Users\gn10g\AppData\Local\Temp\cc7AApCP.s 			page 8


 233              		.loc 1 143 5 is_stmt 1 view .LVU69
 143:Core/Src/tim.c ****     GPIO_InitStruct.Pull = GPIO_NOPULL;
 234              		.loc 1 143 26 is_stmt 0 view .LVU70
 235 004c 0223     		movs	r3, #2
 236 004e 0493     		str	r3, [sp, #16]
 144:Core/Src/tim.c ****     GPIO_InitStruct.Speed = GPIO_SPEED_FREQ_LOW;
 237              		.loc 1 144 5 is_stmt 1 view .LVU71
 145:Core/Src/tim.c ****     GPIO_InitStruct.Alternate = GPIO_AF6_TIM1;
 238              		.loc 1 145 5 view .LVU72
 146:Core/Src/tim.c ****     HAL_GPIO_Init(GPIOA, &GPIO_InitStruct);
 239              		.loc 1 146 5 view .LVU73
 146:Core/Src/tim.c ****     HAL_GPIO_Init(GPIOA, &GPIO_InitStruct);
 240              		.loc 1 146 31 is_stmt 0 view .LVU74
 241 0050 0623     		movs	r3, #6
 242 0052 0793     		str	r3, [sp, #28]
 147:Core/Src/tim.c **** 
 243              		.loc 1 147 5 is_stmt 1 view .LVU75
 244 0054 03A9     		add	r1, sp, #12
 245 0056 4FF09040 		mov	r0, #1207959552
 246              	.LVL8:
 147:Core/Src/tim.c **** 
 247              		.loc 1 147 5 is_stmt 0 view .LVU76
 248 005a FFF7FEFF 		bl	HAL_GPIO_Init
 249              	.LVL9:
 250              		.loc 1 153 1 view .LVU77
 251 005e DBE7     		b	.L9
 252              	.L14:
 253              		.align	2
 254              	.L13:
 255 0060 002C0140 		.word	1073818624
 256              		.cfi_endproc
 257              	.LFE134:
 259              		.section	.text.HAL_TIM_OC_MspInit,"ax",%progbits
 260              		.align	1
 261              		.global	HAL_TIM_OC_MspInit
 262              		.syntax unified
 263              		.thumb
 264              		.thumb_func
 266              	HAL_TIM_OC_MspInit:
 267              	.LVL10:
 268              	.LFB135:
 154:Core/Src/tim.c **** 
 155:Core/Src/tim.c **** void HAL_TIM_OC_MspInit(TIM_HandleTypeDef* tim_ocHandle)
 156:Core/Src/tim.c **** {
 269              		.loc 1 156 1 is_stmt 1 view -0
 270              		.cfi_startproc
 271              		@ args = 0, pretend = 0, frame = 8
 272              		@ frame_needed = 0, uses_anonymous_args = 0
 273              		@ link register save eliminated.
 157:Core/Src/tim.c **** 
 158:Core/Src/tim.c ****   if(tim_ocHandle->Instance==TIM2)
 274              		.loc 1 158 3 view .LVU79
 275              		.loc 1 158 18 is_stmt 0 view .LVU80
 276 0000 0368     		ldr	r3, [r0]
 277              		.loc 1 158 5 view .LVU81
 278 0002 B3F1804F 		cmp	r3, #1073741824
 279 0006 00D0     		beq	.L21
ARM GAS  C:\Users\gn10g\AppData\Local\Temp\cc7AApCP.s 			page 9


 280 0008 7047     		bx	lr
 281              	.L21:
 156:Core/Src/tim.c **** 
 282              		.loc 1 156 1 view .LVU82
 283 000a 82B0     		sub	sp, sp, #8
 284              	.LCFI8:
 285              		.cfi_def_cfa_offset 8
 159:Core/Src/tim.c ****   {
 160:Core/Src/tim.c ****   /* USER CODE BEGIN TIM2_MspInit 0 */
 161:Core/Src/tim.c **** 
 162:Core/Src/tim.c ****   /* USER CODE END TIM2_MspInit 0 */
 163:Core/Src/tim.c ****     /* TIM2 clock enable */
 164:Core/Src/tim.c ****     __HAL_RCC_TIM2_CLK_ENABLE();
 286              		.loc 1 164 5 is_stmt 1 view .LVU83
 287              	.LBB4:
 288              		.loc 1 164 5 view .LVU84
 289              		.loc 1 164 5 view .LVU85
 290 000c 03F50433 		add	r3, r3, #135168
 291 0010 9A6D     		ldr	r2, [r3, #88]
 292 0012 42F00102 		orr	r2, r2, #1
 293 0016 9A65     		str	r2, [r3, #88]
 294              		.loc 1 164 5 view .LVU86
 295 0018 9B6D     		ldr	r3, [r3, #88]
 296 001a 03F00103 		and	r3, r3, #1
 297 001e 0193     		str	r3, [sp, #4]
 298              		.loc 1 164 5 view .LVU87
 299 0020 019B     		ldr	r3, [sp, #4]
 300              	.LBE4:
 301              		.loc 1 164 5 view .LVU88
 165:Core/Src/tim.c ****   /* USER CODE BEGIN TIM2_MspInit 1 */
 166:Core/Src/tim.c **** 
 167:Core/Src/tim.c ****   /* USER CODE END TIM2_MspInit 1 */
 168:Core/Src/tim.c ****   }
 169:Core/Src/tim.c **** }
 302              		.loc 1 169 1 is_stmt 0 view .LVU89
 303 0022 02B0     		add	sp, sp, #8
 304              	.LCFI9:
 305              		.cfi_def_cfa_offset 0
 306              		@ sp needed
 307 0024 7047     		bx	lr
 308              		.cfi_endproc
 309              	.LFE135:
 311              		.section	.text.HAL_TIM_MspPostInit,"ax",%progbits
 312              		.align	1
 313              		.global	HAL_TIM_MspPostInit
 314              		.syntax unified
 315              		.thumb
 316              		.thumb_func
 318              	HAL_TIM_MspPostInit:
 319              	.LVL11:
 320              	.LFB136:
 170:Core/Src/tim.c **** void HAL_TIM_MspPostInit(TIM_HandleTypeDef* timHandle)
 171:Core/Src/tim.c **** {
 321              		.loc 1 171 1 is_stmt 1 view -0
 322              		.cfi_startproc
 323              		@ args = 0, pretend = 0, frame = 24
 324              		@ frame_needed = 0, uses_anonymous_args = 0
ARM GAS  C:\Users\gn10g\AppData\Local\Temp\cc7AApCP.s 			page 10


 325              		.loc 1 171 1 is_stmt 0 view .LVU91
 326 0000 00B5     		push	{lr}
 327              	.LCFI10:
 328              		.cfi_def_cfa_offset 4
 329              		.cfi_offset 14, -4
 330 0002 87B0     		sub	sp, sp, #28
 331              	.LCFI11:
 332              		.cfi_def_cfa_offset 32
 172:Core/Src/tim.c **** 
 173:Core/Src/tim.c ****   GPIO_InitTypeDef GPIO_InitStruct = {0};
 333              		.loc 1 173 3 is_stmt 1 view .LVU92
 334              		.loc 1 173 20 is_stmt 0 view .LVU93
 335 0004 0023     		movs	r3, #0
 336 0006 0193     		str	r3, [sp, #4]
 337 0008 0293     		str	r3, [sp, #8]
 338 000a 0393     		str	r3, [sp, #12]
 339 000c 0493     		str	r3, [sp, #16]
 340 000e 0593     		str	r3, [sp, #20]
 174:Core/Src/tim.c ****   if(timHandle->Instance==TIM2)
 341              		.loc 1 174 3 is_stmt 1 view .LVU94
 342              		.loc 1 174 15 is_stmt 0 view .LVU95
 343 0010 0368     		ldr	r3, [r0]
 344              		.loc 1 174 5 view .LVU96
 345 0012 B3F1804F 		cmp	r3, #1073741824
 346 0016 02D0     		beq	.L25
 347              	.LVL12:
 348              	.L22:
 175:Core/Src/tim.c ****   {
 176:Core/Src/tim.c ****   /* USER CODE BEGIN TIM2_MspPostInit 0 */
 177:Core/Src/tim.c **** 
 178:Core/Src/tim.c ****   /* USER CODE END TIM2_MspPostInit 0 */
 179:Core/Src/tim.c **** 
 180:Core/Src/tim.c ****     __HAL_RCC_GPIOA_CLK_ENABLE();
 181:Core/Src/tim.c ****     /**TIM2 GPIO Configuration
 182:Core/Src/tim.c ****     PA1     ------> TIM2_CH2
 183:Core/Src/tim.c ****     PA2     ------> TIM2_CH3
 184:Core/Src/tim.c ****     */
 185:Core/Src/tim.c ****     GPIO_InitStruct.Pin = GPIO_PIN_1|GPIO_PIN_2;
 186:Core/Src/tim.c ****     GPIO_InitStruct.Mode = GPIO_MODE_AF_PP;
 187:Core/Src/tim.c ****     GPIO_InitStruct.Pull = GPIO_NOPULL;
 188:Core/Src/tim.c ****     GPIO_InitStruct.Speed = GPIO_SPEED_FREQ_LOW;
 189:Core/Src/tim.c ****     GPIO_InitStruct.Alternate = GPIO_AF1_TIM2;
 190:Core/Src/tim.c ****     HAL_GPIO_Init(GPIOA, &GPIO_InitStruct);
 191:Core/Src/tim.c **** 
 192:Core/Src/tim.c ****   /* USER CODE BEGIN TIM2_MspPostInit 1 */
 193:Core/Src/tim.c **** 
 194:Core/Src/tim.c ****   /* USER CODE END TIM2_MspPostInit 1 */
 195:Core/Src/tim.c ****   }
 196:Core/Src/tim.c **** 
 197:Core/Src/tim.c **** }
 349              		.loc 1 197 1 view .LVU97
 350 0018 07B0     		add	sp, sp, #28
 351              	.LCFI12:
 352              		.cfi_remember_state
 353              		.cfi_def_cfa_offset 4
 354              		@ sp needed
 355 001a 5DF804FB 		ldr	pc, [sp], #4
ARM GAS  C:\Users\gn10g\AppData\Local\Temp\cc7AApCP.s 			page 11


 356              	.LVL13:
 357              	.L25:
 358              	.LCFI13:
 359              		.cfi_restore_state
 180:Core/Src/tim.c ****     /**TIM2 GPIO Configuration
 360              		.loc 1 180 5 is_stmt 1 view .LVU98
 361              	.LBB5:
 180:Core/Src/tim.c ****     /**TIM2 GPIO Configuration
 362              		.loc 1 180 5 view .LVU99
 180:Core/Src/tim.c ****     /**TIM2 GPIO Configuration
 363              		.loc 1 180 5 view .LVU100
 364 001e 03F50433 		add	r3, r3, #135168
 365 0022 DA6C     		ldr	r2, [r3, #76]
 366 0024 42F00102 		orr	r2, r2, #1
 367 0028 DA64     		str	r2, [r3, #76]
 180:Core/Src/tim.c ****     /**TIM2 GPIO Configuration
 368              		.loc 1 180 5 view .LVU101
 369 002a DB6C     		ldr	r3, [r3, #76]
 370 002c 03F00103 		and	r3, r3, #1
 371 0030 0093     		str	r3, [sp]
 180:Core/Src/tim.c ****     /**TIM2 GPIO Configuration
 372              		.loc 1 180 5 view .LVU102
 373 0032 009B     		ldr	r3, [sp]
 374              	.LBE5:
 180:Core/Src/tim.c ****     /**TIM2 GPIO Configuration
 375              		.loc 1 180 5 view .LVU103
 185:Core/Src/tim.c ****     GPIO_InitStruct.Mode = GPIO_MODE_AF_PP;
 376              		.loc 1 185 5 view .LVU104
 185:Core/Src/tim.c ****     GPIO_InitStruct.Mode = GPIO_MODE_AF_PP;
 377              		.loc 1 185 25 is_stmt 0 view .LVU105
 378 0034 0623     		movs	r3, #6
 379 0036 0193     		str	r3, [sp, #4]
 186:Core/Src/tim.c ****     GPIO_InitStruct.Pull = GPIO_NOPULL;
 380              		.loc 1 186 5 is_stmt 1 view .LVU106
 186:Core/Src/tim.c ****     GPIO_InitStruct.Pull = GPIO_NOPULL;
 381              		.loc 1 186 26 is_stmt 0 view .LVU107
 382 0038 0223     		movs	r3, #2
 383 003a 0293     		str	r3, [sp, #8]
 187:Core/Src/tim.c ****     GPIO_InitStruct.Speed = GPIO_SPEED_FREQ_LOW;
 384              		.loc 1 187 5 is_stmt 1 view .LVU108
 188:Core/Src/tim.c ****     GPIO_InitStruct.Alternate = GPIO_AF1_TIM2;
 385              		.loc 1 188 5 view .LVU109
 189:Core/Src/tim.c ****     HAL_GPIO_Init(GPIOA, &GPIO_InitStruct);
 386              		.loc 1 189 5 view .LVU110
 189:Core/Src/tim.c ****     HAL_GPIO_Init(GPIOA, &GPIO_InitStruct);
 387              		.loc 1 189 31 is_stmt 0 view .LVU111
 388 003c 0123     		movs	r3, #1
 389 003e 0593     		str	r3, [sp, #20]
 190:Core/Src/tim.c **** 
 390              		.loc 1 190 5 is_stmt 1 view .LVU112
 391 0040 01A9     		add	r1, sp, #4
 392 0042 4FF09040 		mov	r0, #1207959552
 393              	.LVL14:
 190:Core/Src/tim.c **** 
 394              		.loc 1 190 5 is_stmt 0 view .LVU113
 395 0046 FFF7FEFF 		bl	HAL_GPIO_Init
 396              	.LVL15:
ARM GAS  C:\Users\gn10g\AppData\Local\Temp\cc7AApCP.s 			page 12


 397              		.loc 1 197 1 view .LVU114
 398 004a E5E7     		b	.L22
 399              		.cfi_endproc
 400              	.LFE136:
 402              		.section	.text.MX_TIM2_Init,"ax",%progbits
 403              		.align	1
 404              		.global	MX_TIM2_Init
 405              		.syntax unified
 406              		.thumb
 407              		.thumb_func
 409              	MX_TIM2_Init:
 410              	.LFB133:
  78:Core/Src/tim.c **** 
 411              		.loc 1 78 1 is_stmt 1 view -0
 412              		.cfi_startproc
 413              		@ args = 0, pretend = 0, frame = 40
 414              		@ frame_needed = 0, uses_anonymous_args = 0
 415 0000 00B5     		push	{lr}
 416              	.LCFI14:
 417              		.cfi_def_cfa_offset 4
 418              		.cfi_offset 14, -4
 419 0002 8BB0     		sub	sp, sp, #44
 420              	.LCFI15:
 421              		.cfi_def_cfa_offset 48
  84:Core/Src/tim.c ****   TIM_OC_InitTypeDef sConfigOC = {0};
 422              		.loc 1 84 3 view .LVU116
  84:Core/Src/tim.c ****   TIM_OC_InitTypeDef sConfigOC = {0};
 423              		.loc 1 84 27 is_stmt 0 view .LVU117
 424 0004 0023     		movs	r3, #0
 425 0006 0793     		str	r3, [sp, #28]
 426 0008 0893     		str	r3, [sp, #32]
 427 000a 0993     		str	r3, [sp, #36]
  85:Core/Src/tim.c **** 
 428              		.loc 1 85 3 is_stmt 1 view .LVU118
  85:Core/Src/tim.c **** 
 429              		.loc 1 85 22 is_stmt 0 view .LVU119
 430 000c 0093     		str	r3, [sp]
 431 000e 0193     		str	r3, [sp, #4]
 432 0010 0293     		str	r3, [sp, #8]
 433 0012 0393     		str	r3, [sp, #12]
 434 0014 0493     		str	r3, [sp, #16]
 435 0016 0593     		str	r3, [sp, #20]
 436 0018 0693     		str	r3, [sp, #24]
  90:Core/Src/tim.c ****   htim2.Init.Prescaler = 0;
 437              		.loc 1 90 3 is_stmt 1 view .LVU120
  90:Core/Src/tim.c ****   htim2.Init.Prescaler = 0;
 438              		.loc 1 90 18 is_stmt 0 view .LVU121
 439 001a 1C48     		ldr	r0, .L36
 440 001c 4FF08042 		mov	r2, #1073741824
 441 0020 0260     		str	r2, [r0]
  91:Core/Src/tim.c ****   htim2.Init.CounterMode = TIM_COUNTERMODE_UP;
 442              		.loc 1 91 3 is_stmt 1 view .LVU122
  91:Core/Src/tim.c ****   htim2.Init.CounterMode = TIM_COUNTERMODE_UP;
 443              		.loc 1 91 24 is_stmt 0 view .LVU123
 444 0022 4360     		str	r3, [r0, #4]
  92:Core/Src/tim.c ****   htim2.Init.Period = 3199;
 445              		.loc 1 92 3 is_stmt 1 view .LVU124
ARM GAS  C:\Users\gn10g\AppData\Local\Temp\cc7AApCP.s 			page 13


  92:Core/Src/tim.c ****   htim2.Init.Period = 3199;
 446              		.loc 1 92 26 is_stmt 0 view .LVU125
 447 0024 8360     		str	r3, [r0, #8]
  93:Core/Src/tim.c ****   htim2.Init.ClockDivision = TIM_CLOCKDIVISION_DIV1;
 448              		.loc 1 93 3 is_stmt 1 view .LVU126
  93:Core/Src/tim.c ****   htim2.Init.ClockDivision = TIM_CLOCKDIVISION_DIV1;
 449              		.loc 1 93 21 is_stmt 0 view .LVU127
 450 0026 40F67F42 		movw	r2, #3199
 451 002a C260     		str	r2, [r0, #12]
  94:Core/Src/tim.c ****   htim2.Init.AutoReloadPreload = TIM_AUTORELOAD_PRELOAD_DISABLE;
 452              		.loc 1 94 3 is_stmt 1 view .LVU128
  94:Core/Src/tim.c ****   htim2.Init.AutoReloadPreload = TIM_AUTORELOAD_PRELOAD_DISABLE;
 453              		.loc 1 94 28 is_stmt 0 view .LVU129
 454 002c 0361     		str	r3, [r0, #16]
  95:Core/Src/tim.c ****   if (HAL_TIM_OC_Init(&htim2) != HAL_OK)
 455              		.loc 1 95 3 is_stmt 1 view .LVU130
  95:Core/Src/tim.c ****   if (HAL_TIM_OC_Init(&htim2) != HAL_OK)
 456              		.loc 1 95 32 is_stmt 0 view .LVU131
 457 002e 8361     		str	r3, [r0, #24]
  96:Core/Src/tim.c ****   {
 458              		.loc 1 96 3 is_stmt 1 view .LVU132
  96:Core/Src/tim.c ****   {
 459              		.loc 1 96 7 is_stmt 0 view .LVU133
 460 0030 FFF7FEFF 		bl	HAL_TIM_OC_Init
 461              	.LVL16:
  96:Core/Src/tim.c ****   {
 462              		.loc 1 96 6 view .LVU134
 463 0034 F0B9     		cbnz	r0, .L32
 464              	.L27:
 100:Core/Src/tim.c ****   sMasterConfig.MasterSlaveMode = TIM_MASTERSLAVEMODE_DISABLE;
 465              		.loc 1 100 3 is_stmt 1 view .LVU135
 100:Core/Src/tim.c ****   sMasterConfig.MasterSlaveMode = TIM_MASTERSLAVEMODE_DISABLE;
 466              		.loc 1 100 37 is_stmt 0 view .LVU136
 467 0036 0023     		movs	r3, #0
 468 0038 0793     		str	r3, [sp, #28]
 101:Core/Src/tim.c ****   if (HAL_TIMEx_MasterConfigSynchronization(&htim2, &sMasterConfig) != HAL_OK)
 469              		.loc 1 101 3 is_stmt 1 view .LVU137
 101:Core/Src/tim.c ****   if (HAL_TIMEx_MasterConfigSynchronization(&htim2, &sMasterConfig) != HAL_OK)
 470              		.loc 1 101 33 is_stmt 0 view .LVU138
 471 003a 0993     		str	r3, [sp, #36]
 102:Core/Src/tim.c ****   {
 472              		.loc 1 102 3 is_stmt 1 view .LVU139
 102:Core/Src/tim.c ****   {
 473              		.loc 1 102 7 is_stmt 0 view .LVU140
 474 003c 07A9     		add	r1, sp, #28
 475 003e 1348     		ldr	r0, .L36
 476 0040 FFF7FEFF 		bl	HAL_TIMEx_MasterConfigSynchronization
 477              	.LVL17:
 102:Core/Src/tim.c ****   {
 478              		.loc 1 102 6 view .LVU141
 479 0044 C8B9     		cbnz	r0, .L33
 480              	.L28:
 106:Core/Src/tim.c ****   sConfigOC.Pulse = 0;
 481              		.loc 1 106 3 is_stmt 1 view .LVU142
 106:Core/Src/tim.c ****   sConfigOC.Pulse = 0;
 482              		.loc 1 106 20 is_stmt 0 view .LVU143
 483 0046 0023     		movs	r3, #0
ARM GAS  C:\Users\gn10g\AppData\Local\Temp\cc7AApCP.s 			page 14


 484 0048 0093     		str	r3, [sp]
 107:Core/Src/tim.c ****   sConfigOC.OCPolarity = TIM_OCPOLARITY_HIGH;
 485              		.loc 1 107 3 is_stmt 1 view .LVU144
 107:Core/Src/tim.c ****   sConfigOC.OCPolarity = TIM_OCPOLARITY_HIGH;
 486              		.loc 1 107 19 is_stmt 0 view .LVU145
 487 004a 0193     		str	r3, [sp, #4]
 108:Core/Src/tim.c ****   sConfigOC.OCFastMode = TIM_OCFAST_DISABLE;
 488              		.loc 1 108 3 is_stmt 1 view .LVU146
 108:Core/Src/tim.c ****   sConfigOC.OCFastMode = TIM_OCFAST_DISABLE;
 489              		.loc 1 108 24 is_stmt 0 view .LVU147
 490 004c 0293     		str	r3, [sp, #8]
 109:Core/Src/tim.c ****   if (HAL_TIM_OC_ConfigChannel(&htim2, &sConfigOC, TIM_CHANNEL_2) != HAL_OK)
 491              		.loc 1 109 3 is_stmt 1 view .LVU148
 109:Core/Src/tim.c ****   if (HAL_TIM_OC_ConfigChannel(&htim2, &sConfigOC, TIM_CHANNEL_2) != HAL_OK)
 492              		.loc 1 109 24 is_stmt 0 view .LVU149
 493 004e 0493     		str	r3, [sp, #16]
 110:Core/Src/tim.c ****   {
 494              		.loc 1 110 3 is_stmt 1 view .LVU150
 110:Core/Src/tim.c ****   {
 495              		.loc 1 110 7 is_stmt 0 view .LVU151
 496 0050 0422     		movs	r2, #4
 497 0052 6946     		mov	r1, sp
 498 0054 0D48     		ldr	r0, .L36
 499 0056 FFF7FEFF 		bl	HAL_TIM_OC_ConfigChannel
 500              	.LVL18:
 110:Core/Src/tim.c ****   {
 501              		.loc 1 110 6 view .LVU152
 502 005a 88B9     		cbnz	r0, .L34
 503              	.L29:
 114:Core/Src/tim.c ****   {
 504              		.loc 1 114 3 is_stmt 1 view .LVU153
 114:Core/Src/tim.c ****   {
 505              		.loc 1 114 7 is_stmt 0 view .LVU154
 506 005c 0822     		movs	r2, #8
 507 005e 6946     		mov	r1, sp
 508 0060 0A48     		ldr	r0, .L36
 509 0062 FFF7FEFF 		bl	HAL_TIM_OC_ConfigChannel
 510              	.LVL19:
 114:Core/Src/tim.c ****   {
 511              		.loc 1 114 6 view .LVU155
 512 0066 70B9     		cbnz	r0, .L35
 513              	.L30:
 121:Core/Src/tim.c **** 
 514              		.loc 1 121 3 is_stmt 1 view .LVU156
 515 0068 0848     		ldr	r0, .L36
 516 006a FFF7FEFF 		bl	HAL_TIM_MspPostInit
 517              	.LVL20:
 123:Core/Src/tim.c **** 
 518              		.loc 1 123 1 is_stmt 0 view .LVU157
 519 006e 0BB0     		add	sp, sp, #44
 520              	.LCFI16:
 521              		.cfi_remember_state
 522              		.cfi_def_cfa_offset 4
 523              		@ sp needed
 524 0070 5DF804FB 		ldr	pc, [sp], #4
 525              	.L32:
 526              	.LCFI17:
ARM GAS  C:\Users\gn10g\AppData\Local\Temp\cc7AApCP.s 			page 15


 527              		.cfi_restore_state
  98:Core/Src/tim.c ****   }
 528              		.loc 1 98 5 is_stmt 1 view .LVU158
 529 0074 FFF7FEFF 		bl	Error_Handler
 530              	.LVL21:
 531 0078 DDE7     		b	.L27
 532              	.L33:
 104:Core/Src/tim.c ****   }
 533              		.loc 1 104 5 view .LVU159
 534 007a FFF7FEFF 		bl	Error_Handler
 535              	.LVL22:
 536 007e E2E7     		b	.L28
 537              	.L34:
 112:Core/Src/tim.c ****   }
 538              		.loc 1 112 5 view .LVU160
 539 0080 FFF7FEFF 		bl	Error_Handler
 540              	.LVL23:
 541 0084 EAE7     		b	.L29
 542              	.L35:
 116:Core/Src/tim.c ****   }
 543              		.loc 1 116 5 view .LVU161
 544 0086 FFF7FEFF 		bl	Error_Handler
 545              	.LVL24:
 546 008a EDE7     		b	.L30
 547              	.L37:
 548              		.align	2
 549              	.L36:
 550 008c 00000000 		.word	.LANCHOR1
 551              		.cfi_endproc
 552              	.LFE133:
 554              		.section	.text.HAL_TIM_Encoder_MspDeInit,"ax",%progbits
 555              		.align	1
 556              		.global	HAL_TIM_Encoder_MspDeInit
 557              		.syntax unified
 558              		.thumb
 559              		.thumb_func
 561              	HAL_TIM_Encoder_MspDeInit:
 562              	.LVL25:
 563              	.LFB137:
 198:Core/Src/tim.c **** 
 199:Core/Src/tim.c **** void HAL_TIM_Encoder_MspDeInit(TIM_HandleTypeDef* tim_encoderHandle)
 200:Core/Src/tim.c **** {
 564              		.loc 1 200 1 view -0
 565              		.cfi_startproc
 566              		@ args = 0, pretend = 0, frame = 0
 567              		@ frame_needed = 0, uses_anonymous_args = 0
 568              		.loc 1 200 1 is_stmt 0 view .LVU163
 569 0000 08B5     		push	{r3, lr}
 570              	.LCFI18:
 571              		.cfi_def_cfa_offset 8
 572              		.cfi_offset 3, -8
 573              		.cfi_offset 14, -4
 201:Core/Src/tim.c **** 
 202:Core/Src/tim.c ****   if(tim_encoderHandle->Instance==TIM1)
 574              		.loc 1 202 3 is_stmt 1 view .LVU164
 575              		.loc 1 202 23 is_stmt 0 view .LVU165
 576 0002 0268     		ldr	r2, [r0]
ARM GAS  C:\Users\gn10g\AppData\Local\Temp\cc7AApCP.s 			page 16


 577              		.loc 1 202 5 view .LVU166
 578 0004 074B     		ldr	r3, .L42
 579 0006 9A42     		cmp	r2, r3
 580 0008 00D0     		beq	.L41
 581              	.LVL26:
 582              	.L38:
 203:Core/Src/tim.c ****   {
 204:Core/Src/tim.c ****   /* USER CODE BEGIN TIM1_MspDeInit 0 */
 205:Core/Src/tim.c **** 
 206:Core/Src/tim.c ****   /* USER CODE END TIM1_MspDeInit 0 */
 207:Core/Src/tim.c ****     /* Peripheral clock disable */
 208:Core/Src/tim.c ****     __HAL_RCC_TIM1_CLK_DISABLE();
 209:Core/Src/tim.c **** 
 210:Core/Src/tim.c ****     /**TIM1 GPIO Configuration
 211:Core/Src/tim.c ****     PA8     ------> TIM1_CH1
 212:Core/Src/tim.c ****     PA9     ------> TIM1_CH2
 213:Core/Src/tim.c ****     */
 214:Core/Src/tim.c ****     HAL_GPIO_DeInit(GPIOA, GPIO_PIN_8|GPIO_PIN_9);
 215:Core/Src/tim.c **** 
 216:Core/Src/tim.c ****   /* USER CODE BEGIN TIM1_MspDeInit 1 */
 217:Core/Src/tim.c **** 
 218:Core/Src/tim.c ****   /* USER CODE END TIM1_MspDeInit 1 */
 219:Core/Src/tim.c ****   }
 220:Core/Src/tim.c **** }
 583              		.loc 1 220 1 view .LVU167
 584 000a 08BD     		pop	{r3, pc}
 585              	.LVL27:
 586              	.L41:
 208:Core/Src/tim.c **** 
 587              		.loc 1 208 5 is_stmt 1 view .LVU168
 588 000c 064A     		ldr	r2, .L42+4
 589 000e 136E     		ldr	r3, [r2, #96]
 590 0010 23F40063 		bic	r3, r3, #2048
 591 0014 1366     		str	r3, [r2, #96]
 214:Core/Src/tim.c **** 
 592              		.loc 1 214 5 view .LVU169
 593 0016 4FF44071 		mov	r1, #768
 594 001a 4FF09040 		mov	r0, #1207959552
 595              	.LVL28:
 214:Core/Src/tim.c **** 
 596              		.loc 1 214 5 is_stmt 0 view .LVU170
 597 001e FFF7FEFF 		bl	HAL_GPIO_DeInit
 598              	.LVL29:
 599              		.loc 1 220 1 view .LVU171
 600 0022 F2E7     		b	.L38
 601              	.L43:
 602              		.align	2
 603              	.L42:
 604 0024 002C0140 		.word	1073818624
 605 0028 00100240 		.word	1073876992
 606              		.cfi_endproc
 607              	.LFE137:
 609              		.section	.text.HAL_TIM_OC_MspDeInit,"ax",%progbits
 610              		.align	1
 611              		.global	HAL_TIM_OC_MspDeInit
 612              		.syntax unified
 613              		.thumb
ARM GAS  C:\Users\gn10g\AppData\Local\Temp\cc7AApCP.s 			page 17


 614              		.thumb_func
 616              	HAL_TIM_OC_MspDeInit:
 617              	.LVL30:
 618              	.LFB138:
 221:Core/Src/tim.c **** 
 222:Core/Src/tim.c **** void HAL_TIM_OC_MspDeInit(TIM_HandleTypeDef* tim_ocHandle)
 223:Core/Src/tim.c **** {
 619              		.loc 1 223 1 is_stmt 1 view -0
 620              		.cfi_startproc
 621              		@ args = 0, pretend = 0, frame = 0
 622              		@ frame_needed = 0, uses_anonymous_args = 0
 623              		@ link register save eliminated.
 224:Core/Src/tim.c **** 
 225:Core/Src/tim.c ****   if(tim_ocHandle->Instance==TIM2)
 624              		.loc 1 225 3 view .LVU173
 625              		.loc 1 225 18 is_stmt 0 view .LVU174
 626 0000 0368     		ldr	r3, [r0]
 627              		.loc 1 225 5 view .LVU175
 628 0002 B3F1804F 		cmp	r3, #1073741824
 629 0006 00D0     		beq	.L46
 630              	.L44:
 226:Core/Src/tim.c ****   {
 227:Core/Src/tim.c ****   /* USER CODE BEGIN TIM2_MspDeInit 0 */
 228:Core/Src/tim.c **** 
 229:Core/Src/tim.c ****   /* USER CODE END TIM2_MspDeInit 0 */
 230:Core/Src/tim.c ****     /* Peripheral clock disable */
 231:Core/Src/tim.c ****     __HAL_RCC_TIM2_CLK_DISABLE();
 232:Core/Src/tim.c ****   /* USER CODE BEGIN TIM2_MspDeInit 1 */
 233:Core/Src/tim.c **** 
 234:Core/Src/tim.c ****   /* USER CODE END TIM2_MspDeInit 1 */
 235:Core/Src/tim.c ****   }
 236:Core/Src/tim.c **** }
 631              		.loc 1 236 1 view .LVU176
 632 0008 7047     		bx	lr
 633              	.L46:
 231:Core/Src/tim.c ****   /* USER CODE BEGIN TIM2_MspDeInit 1 */
 634              		.loc 1 231 5 is_stmt 1 view .LVU177
 635 000a 034A     		ldr	r2, .L47
 636 000c 936D     		ldr	r3, [r2, #88]
 637 000e 23F00103 		bic	r3, r3, #1
 638 0012 9365     		str	r3, [r2, #88]
 639              		.loc 1 236 1 is_stmt 0 view .LVU178
 640 0014 F8E7     		b	.L44
 641              	.L48:
 642 0016 00BF     		.align	2
 643              	.L47:
 644 0018 00100240 		.word	1073876992
 645              		.cfi_endproc
 646              	.LFE138:
 648              		.global	htim2
 649              		.global	htim1
 650              		.section	.bss.htim1,"aw",%nobits
 651              		.align	2
 652              		.set	.LANCHOR0,. + 0
 655              	htim1:
 656 0000 00000000 		.space	76
 656      00000000 
ARM GAS  C:\Users\gn10g\AppData\Local\Temp\cc7AApCP.s 			page 18


 656      00000000 
 656      00000000 
 656      00000000 
 657              		.section	.bss.htim2,"aw",%nobits
 658              		.align	2
 659              		.set	.LANCHOR1,. + 0
 662              	htim2:
 663 0000 00000000 		.space	76
 663      00000000 
 663      00000000 
 663      00000000 
 663      00000000 
 664              		.text
 665              	.Letext0:
 666              		.file 2 "c:\\program files (x86)\\gnu arm embedded toolchain\\10 2021.10\\arm-none-eabi\\include\\
 667              		.file 3 "c:\\program files (x86)\\gnu arm embedded toolchain\\10 2021.10\\arm-none-eabi\\include\\
 668              		.file 4 "Drivers/CMSIS/Device/ST/STM32G4xx/Include/stm32g431xx.h"
 669              		.file 5 "Drivers/STM32G4xx_HAL_Driver/Inc/stm32g4xx_hal_def.h"
 670              		.file 6 "Drivers/STM32G4xx_HAL_Driver/Inc/stm32g4xx_hal_gpio.h"
 671              		.file 7 "Drivers/STM32G4xx_HAL_Driver/Inc/stm32g4xx_hal_dma.h"
 672              		.file 8 "Drivers/STM32G4xx_HAL_Driver/Inc/stm32g4xx_hal_tim.h"
 673              		.file 9 "Core/Inc/tim.h"
 674              		.file 10 "Drivers/STM32G4xx_HAL_Driver/Inc/stm32g4xx_hal_tim_ex.h"
 675              		.file 11 "Core/Inc/main.h"
 676              		.file 12 "<built-in>"
ARM GAS  C:\Users\gn10g\AppData\Local\Temp\cc7AApCP.s 			page 19


DEFINED SYMBOLS
                            *ABS*:00000000 tim.c
C:\Users\gn10g\AppData\Local\Temp\cc7AApCP.s:20     .text.MX_TIM1_Init:00000000 $t
C:\Users\gn10g\AppData\Local\Temp\cc7AApCP.s:26     .text.MX_TIM1_Init:00000000 MX_TIM1_Init
C:\Users\gn10g\AppData\Local\Temp\cc7AApCP.s:143    .text.MX_TIM1_Init:00000060 $d
C:\Users\gn10g\AppData\Local\Temp\cc7AApCP.s:149    .text.HAL_TIM_Encoder_MspInit:00000000 $t
C:\Users\gn10g\AppData\Local\Temp\cc7AApCP.s:155    .text.HAL_TIM_Encoder_MspInit:00000000 HAL_TIM_Encoder_MspInit
C:\Users\gn10g\AppData\Local\Temp\cc7AApCP.s:255    .text.HAL_TIM_Encoder_MspInit:00000060 $d
C:\Users\gn10g\AppData\Local\Temp\cc7AApCP.s:260    .text.HAL_TIM_OC_MspInit:00000000 $t
C:\Users\gn10g\AppData\Local\Temp\cc7AApCP.s:266    .text.HAL_TIM_OC_MspInit:00000000 HAL_TIM_OC_MspInit
C:\Users\gn10g\AppData\Local\Temp\cc7AApCP.s:312    .text.HAL_TIM_MspPostInit:00000000 $t
C:\Users\gn10g\AppData\Local\Temp\cc7AApCP.s:318    .text.HAL_TIM_MspPostInit:00000000 HAL_TIM_MspPostInit
C:\Users\gn10g\AppData\Local\Temp\cc7AApCP.s:403    .text.MX_TIM2_Init:00000000 $t
C:\Users\gn10g\AppData\Local\Temp\cc7AApCP.s:409    .text.MX_TIM2_Init:00000000 MX_TIM2_Init
C:\Users\gn10g\AppData\Local\Temp\cc7AApCP.s:550    .text.MX_TIM2_Init:0000008c $d
C:\Users\gn10g\AppData\Local\Temp\cc7AApCP.s:555    .text.HAL_TIM_Encoder_MspDeInit:00000000 $t
C:\Users\gn10g\AppData\Local\Temp\cc7AApCP.s:561    .text.HAL_TIM_Encoder_MspDeInit:00000000 HAL_TIM_Encoder_MspDeInit
C:\Users\gn10g\AppData\Local\Temp\cc7AApCP.s:604    .text.HAL_TIM_Encoder_MspDeInit:00000024 $d
C:\Users\gn10g\AppData\Local\Temp\cc7AApCP.s:610    .text.HAL_TIM_OC_MspDeInit:00000000 $t
C:\Users\gn10g\AppData\Local\Temp\cc7AApCP.s:616    .text.HAL_TIM_OC_MspDeInit:00000000 HAL_TIM_OC_MspDeInit
C:\Users\gn10g\AppData\Local\Temp\cc7AApCP.s:644    .text.HAL_TIM_OC_MspDeInit:00000018 $d
C:\Users\gn10g\AppData\Local\Temp\cc7AApCP.s:662    .bss.htim2:00000000 htim2
C:\Users\gn10g\AppData\Local\Temp\cc7AApCP.s:655    .bss.htim1:00000000 htim1
C:\Users\gn10g\AppData\Local\Temp\cc7AApCP.s:651    .bss.htim1:00000000 $d
C:\Users\gn10g\AppData\Local\Temp\cc7AApCP.s:658    .bss.htim2:00000000 $d

UNDEFINED SYMBOLS
memset
HAL_TIM_Encoder_Init
HAL_TIMEx_MasterConfigSynchronization
Error_Handler
HAL_GPIO_Init
HAL_TIM_OC_Init
HAL_TIM_OC_ConfigChannel
HAL_GPIO_DeInit
